<?xml version="1.0" encoding="UTF-8"?>
<testng-results ignored="0" total="1" passed="1" failed="0" skipped="0">
  <reporter-output>
  </reporter-output>
  <suite started-at="2023-12-06T19:26:48 IST" name="Suite" finished-at="2023-12-06T19:27:21 IST" duration-ms="33512">
    <groups>
    </groups>
    <test started-at="2023-12-06T19:26:48 IST" name="Test" finished-at="2023-12-06T19:27:21 IST" duration-ms="33512">
      <class name="com.W3schools.utils.Reports">
        <test-method is-config="true" signature="startReport()[pri:0, instance:com.W3schools.utils.Reports@5ccddd20]" started-at="2023-12-06T19:26:47 IST" name="startReport" finished-at="2023-12-06T19:26:48 IST" duration-ms="903" status="PASS">
          <reporter-output>
          </reporter-output>
        </test-method> <!-- startReport -->
        <test-method is-config="true" signature="endReport()[pri:0, instance:com.W3schools.utils.Reports@5ccddd20]" started-at="2023-12-06T19:27:21 IST" name="endReport" finished-at="2023-12-06T19:27:23 IST" duration-ms="1221" status="PASS">
          <reporter-output>
          </reporter-output>
        </test-method> <!-- endReport -->
      </class> <!-- com.W3schools.utils.Reports -->
      <class name="com.W3schools.test.LoginTest">
        <test-method signature="loginWithCorrectCredentials()[pri:0, instance:com.W3schools.test.LoginTest@79b06cab]" started-at="2023-12-06T19:26:48 IST" name="loginWithCorrectCredentials" finished-at="2023-12-06T19:27:21 IST" duration-ms="33431" status="PASS">
          <reporter-output>
          </reporter-output>
        </test-method> <!-- loginWithCorrectCredentials -->
      </class> <!-- com.W3schools.test.LoginTest -->
    </test> <!-- Test -->
  </suite> <!-- Suite -->
</testng-results>
